{"timestamp":"2026-04-06T03:00:01.288496Z","level":"info","event":"Stats instance was created in PID 7 but accessed in PID 173. Re-initializing.","logger":"airflow.stats","filename":"stats.py","lineno":57}
{"timestamp":"2026-04-06T03:00:02.016345Z","level":"info","event":"DAG bundles loaded: dags-folder, example_dags","logger":"airflow.dag_processing.bundles.manager.DagBundlesManager","filename":"manager.py","lineno":179}
{"timestamp":"2026-04-06T03:00:02.019360Z","level":"info","event":"Filling up the DagBag from /opt/airflow/dags/ai_news_pipeline.py","logger":"airflow.models.dagbag.BundleDagBag","filename":"dagbag.py","lineno":593}
{"timestamp":"2026-04-06T03:00:02.050202Z","level":"warning","event":"The `airflow.operators.python.PythonOperator` attribute is deprecated. Please use `'airflow.providers.standard.operators.python.PythonOperator'`.","category":"DeprecatedImportWarning","filename":"/opt/airflow/dags/ai_news_pipeline.py","lineno":2,"logger":"py.warnings"}
{"timestamp":"2026-04-06T03:00:02.095691Z","level":"info","event":"Task instance is in running state","logger":"task.stdout"}
{"timestamp":"2026-04-06T03:00:02.096385Z","level":"info","event":" Previous state of the Task instance: TaskInstanceState.QUEUED","logger":"task.stdout"}
{"timestamp":"2026-04-06T03:00:02.097221Z","level":"info","event":"Current task name:ai_daily_report","logger":"task.stdout"}
{"timestamp":"2026-04-06T03:00:02.097774Z","level":"info","event":"Dag name:ai_news_pipeline","logger":"task.stdout"}
{"timestamp":"2026-04-06T03:00:02.332220Z","level":"info","event":"Report error: 'candidates'","logger":"task.stdout"}
{"timestamp":"2026-04-06T03:00:02.334859Z","level":"info","event":"","logger":"task.stdout"}
{"timestamp":"2026-04-06T03:00:02.337698Z","level":"info","event":"========= AI WORLD NEWS BRIEFING =========","logger":"task.stdout"}
{"timestamp":"2026-04-06T03:00:02.338552Z","level":"info","event":"  Date       : 2026-04-06 03:00:02","logger":"task.stdout"}
{"timestamp":"2026-04-06T03:00:02.339083Z","level":"info","event":"  Articles   : 10","logger":"task.stdout"}
{"timestamp":"2026-04-06T03:00:02.339690Z","level":"info","event":"  Positive   : 0","logger":"task.stdout"}
{"timestamp":"2026-04-06T03:00:02.340221Z","level":"info","event":"  Negative   : 0","logger":"task.stdout"}
{"timestamp":"2026-04-06T03:00:02.340686Z","level":"info","event":"  Neutral    : 10","logger":"task.stdout"}
{"timestamp":"2026-04-06T03:00:02.341293Z","level":"info","event":"  Categories : {'general': 10}","logger":"task.stdout"}
{"timestamp":"2026-04-06T03:00:02.344218Z","level":"info","event":"","logger":"task.stdout"}
{"timestamp":"2026-04-06T03:00:02.346435Z","level":"info","event":"  AI BRIEFING:","logger":"task.stdout"}
{"timestamp":"2026-04-06T03:00:02.346915Z","level":"info","event":"  Daily report generation failed.","logger":"task.stdout"}
{"timestamp":"2026-04-06T03:00:02.347250Z","level":"info","event":"","logger":"task.stdout"}
{"timestamp":"2026-04-06T03:00:02.347585Z","level":"info","event":"  ARTICLE ANALYSIS:","logger":"task.stdout"}
{"timestamp":"2026-04-06T03:00:02.347915Z","level":"info","event":"  ----------------------------------------","logger":"task.stdout"}
{"timestamp":"2026-04-06T03:00:02.348971Z","level":"info","event":"","logger":"task.stdout"}
{"timestamp":"2026-04-06T03:00:02.349570Z","level":"info","event":"  1. Trump issues expletive-laden threat to Iran over Hormuz Stra","logger":"task.stdout"}
{"timestamp":"2026-04-06T03:00:02.349959Z","level":"info","event":"     Summary   : Analysis unavailable","logger":"task.stdout"}
{"timestamp":"2026-04-06T03:00:02.350476Z","level":"info","event":"     Sentiment : NEUTRAL - N/A","logger":"task.stdout"}
{"timestamp":"2026-04-06T03:00:02.351611Z","level":"info","event":"     Category  : general","logger":"task.stdout"}
{"timestamp":"2026-04-06T03:00:02.352034Z","level":"info","event":"","logger":"task.stdout"}
{"timestamp":"2026-04-06T03:00:02.352421Z","level":"info","event":"  2. How rescue of US airman in remote part of Iran unfolded","logger":"task.stdout"}
{"timestamp":"2026-04-06T03:00:02.353028Z","level":"info","event":"     Summary   : Analysis unavailable","logger":"task.stdout"}
{"timestamp":"2026-04-06T03:00:02.354382Z","level":"info","event":"     Sentiment : NEUTRAL - N/A","logger":"task.stdout"}
{"timestamp":"2026-04-06T03:00:02.355408Z","level":"info","event":"     Category  : general","logger":"task.stdout"}
{"timestamp":"2026-04-06T03:00:02.355845Z","level":"info","event":"","logger":"task.stdout"}
{"timestamp":"2026-04-06T03:00:02.358758Z","level":"info","event":"  3. Trump declares victory after rescue but threats to US operat","logger":"task.stdout"}
{"timestamp":"2026-04-06T03:00:02.359305Z","level":"info","event":"     Summary   : Analysis unavailable","logger":"task.stdout"}
{"timestamp":"2026-04-06T03:00:02.359769Z","level":"info","event":"     Sentiment : NEUTRAL - N/A","logger":"task.stdout"}
{"timestamp":"2026-04-06T03:00:02.360233Z","level":"info","event":"     Category  : general","logger":"task.stdout"}
{"timestamp":"2026-04-06T03:00:02.360650Z","level":"info","event":"","logger":"task.stdout"}
{"timestamp":"2026-04-06T03:00:02.360974Z","level":"info","event":"  4. Hungary alleges plot to blow up gas pipeline ahead of electi","logger":"task.stdout"}
{"timestamp":"2026-04-06T03:00:02.361353Z","level":"info","event":"     Summary   : Analysis unavailable","logger":"task.stdout"}
{"timestamp":"2026-04-06T03:00:02.361744Z","level":"info","event":"     Sentiment : NEUTRAL - N/A","logger":"task.stdout"}
{"timestamp":"2026-04-06T03:00:02.362075Z","level":"info","event":"     Category  : general","logger":"task.stdout"}
{"timestamp":"2026-04-06T03:00:02.362446Z","level":"info","event":"","logger":"task.stdout"}
{"timestamp":"2026-04-06T03:00:02.362841Z","level":"info","event":"  5. Pope Leo calls for global leaders to choose peace in his fir","logger":"task.stdout"}
{"timestamp":"2026-04-06T03:00:02.363150Z","level":"info","event":"     Summary   : Analysis unavailable","logger":"task.stdout"}
{"timestamp":"2026-04-06T03:00:02.363463Z","level":"info","event":"     Sentiment : NEUTRAL - N/A","logger":"task.stdout"}
{"timestamp":"2026-04-06T03:00:02.363808Z","level":"info","event":"     Category  : general","logger":"task.stdout"}
{"timestamp":"2026-04-06T03:00:02.364165Z","level":"info","event":"","logger":"task.stdout"}
{"timestamp":"2026-04-06T03:00:02.365106Z","level":"info","event":"==========================================","logger":"task.stdout"}
{"timestamp":"2026-04-06T03:00:02.336598Z","level":"info","event":"Done. Returned value was: None","logger":"airflow.task.operators.airflow.providers.standard.operators.python.PythonOperator","filename":"python.py","lineno":230}
{"timestamp":"2026-04-06T03:00:02.402066Z","level":"info","event":"Task instance in success state","logger":"task.stdout"}
{"timestamp":"2026-04-06T03:00:02.402721Z","level":"info","event":" Previous state of the Task instance: TaskInstanceState.RUNNING","logger":"task.stdout"}
{"timestamp":"2026-04-06T03:00:02.403358Z","level":"info","event":"Task operator:<Task(PythonOperator): ai_daily_report>","logger":"task.stdout"}
