{"timestamp":"2026-04-06T04:00:05.550597Z","level":"info","event":"Stats instance was created in PID 7 but accessed in PID 845. Re-initializing.","logger":"airflow.stats","filename":"stats.py","lineno":57}
{"timestamp":"2026-04-06T04:00:05.919139Z","level":"info","event":"DAG bundles loaded: dags-folder, example_dags","logger":"airflow.dag_processing.bundles.manager.DagBundlesManager","filename":"manager.py","lineno":179}
{"timestamp":"2026-04-06T04:00:05.921354Z","level":"info","event":"Filling up the DagBag from /opt/airflow/dags/ai_news_pipeline.py","logger":"airflow.models.dagbag.BundleDagBag","filename":"dagbag.py","lineno":593}
{"timestamp":"2026-04-06T04:00:05.942882Z","level":"warning","event":"The `airflow.operators.python.PythonOperator` attribute is deprecated. Please use `'airflow.providers.standard.operators.python.PythonOperator'`.","category":"DeprecatedImportWarning","filename":"/opt/airflow/dags/ai_news_pipeline.py","lineno":2,"logger":"py.warnings"}
{"timestamp":"2026-04-06T04:00:05.974618Z","level":"info","event":"Task instance is in running state","logger":"task.stdout"}
{"timestamp":"2026-04-06T04:00:05.975484Z","level":"info","event":" Previous state of the Task instance: TaskInstanceState.QUEUED","logger":"task.stdout"}
{"timestamp":"2026-04-06T04:00:05.976300Z","level":"info","event":"Current task name:ai_analyze","logger":"task.stdout"}
{"timestamp":"2026-04-06T04:00:05.976999Z","level":"info","event":"Dag name:ai_news_pipeline","logger":"task.stdout"}
{"timestamp":"2026-04-06T04:00:05.993480Z","level":"info","event":"Analyzing 1/10: Trump issues expletive-laden threat to Iran over H...","logger":"task.stdout"}
{"timestamp":"2026-04-06T04:00:06.243877Z","level":"info","event":"AI analysis failed: 'candidates'","logger":"task.stdout"}
{"timestamp":"2026-04-06T04:00:06.245037Z","level":"info","event":"Analyzing 2/10: How rescue of US airman in remote part of Iran unf...","logger":"task.stdout"}
{"timestamp":"2026-04-06T04:00:06.443138Z","level":"info","event":"AI analysis failed: 'candidates'","logger":"task.stdout"}
{"timestamp":"2026-04-06T04:00:06.444953Z","level":"info","event":"Analyzing 3/10: Trump declares victory after rescue but threats to...","logger":"task.stdout"}
{"timestamp":"2026-04-06T04:00:06.642288Z","level":"info","event":"AI analysis failed: 'candidates'","logger":"task.stdout"}
{"timestamp":"2026-04-06T04:00:06.644040Z","level":"info","event":"Analyzing 4/10: Hungary alleges plot to blow up gas pipeline ahead...","logger":"task.stdout"}
{"timestamp":"2026-04-06T04:00:06.843568Z","level":"info","event":"AI analysis failed: 'candidates'","logger":"task.stdout"}
{"timestamp":"2026-04-06T04:00:06.844978Z","level":"info","event":"Analyzing 5/10: Pope Leo calls for global leaders to choose peace ...","logger":"task.stdout"}
{"timestamp":"2026-04-06T04:00:07.046199Z","level":"info","event":"AI analysis failed: 'candidates'","logger":"task.stdout"}
{"timestamp":"2026-04-06T04:00:07.047608Z","level":"info","event":"Analyzing 6/10: Cambodia unveils statue to honour famous landmine-...","logger":"task.stdout"}
{"timestamp":"2026-04-06T04:00:07.234516Z","level":"info","event":"AI analysis failed: 'candidates'","logger":"task.stdout"}
{"timestamp":"2026-04-06T04:00:07.235699Z","level":"info","event":"Analyzing 7/10: Artemis's stunning Moon pictures - science or holi...","logger":"task.stdout"}
{"timestamp":"2026-04-06T04:00:07.424212Z","level":"info","event":"AI analysis failed: 'candidates'","logger":"task.stdout"}
{"timestamp":"2026-04-06T04:00:07.425514Z","level":"info","event":"Analyzing 8/10: AI videos fuel rhetoric as Orbán bids for four mor...","logger":"task.stdout"}
{"timestamp":"2026-04-06T04:00:07.640897Z","level":"info","event":"AI analysis failed: 'candidates'","logger":"task.stdout"}
{"timestamp":"2026-04-06T04:00:07.642074Z","level":"info","event":"Analyzing 9/10: Man charged over fatal shooting of baby in pram in...","logger":"task.stdout"}
{"timestamp":"2026-04-06T04:00:07.845540Z","level":"info","event":"AI analysis failed: 'candidates'","logger":"task.stdout"}
{"timestamp":"2026-04-06T04:00:07.850371Z","level":"info","event":"Analyzing 10/10: German males under 45 may need military approval f...","logger":"task.stdout"}
{"timestamp":"2026-04-06T04:00:08.042024Z","level":"info","event":"AI analysis failed: 'candidates'","logger":"task.stdout"}
{"timestamp":"2026-04-06T04:00:08.044406Z","level":"info","event":"AI analyzed 10 articles","logger":"task.stdout"}
{"timestamp":"2026-04-06T04:00:08.077530Z","level":"info","event":"Done. Returned value was: None","logger":"airflow.task.operators.airflow.providers.standard.operators.python.PythonOperator","filename":"python.py","lineno":230}
{"timestamp":"2026-04-06T04:00:08.116501Z","level":"info","event":"Task instance in success state","logger":"task.stdout"}
{"timestamp":"2026-04-06T04:00:08.118628Z","level":"info","event":" Previous state of the Task instance: TaskInstanceState.RUNNING","logger":"task.stdout"}
{"timestamp":"2026-04-06T04:00:08.120584Z","level":"info","event":"Task operator:<Task(PythonOperator): ai_analyze>","logger":"task.stdout"}
