{"timestamp":"2026-04-04T06:17:51.958701Z","level":"info","event":"Stats instance was created in PID 7 but accessed in PID 657. Re-initializing.","logger":"airflow.stats","filename":"stats.py","lineno":57}
{"timestamp":"2026-04-04T06:17:52.546787Z","level":"info","event":"DAG bundles loaded: dags-folder, example_dags","logger":"airflow.dag_processing.bundles.manager.DagBundlesManager","filename":"manager.py","lineno":179}
{"timestamp":"2026-04-04T06:17:52.552990Z","level":"info","event":"Filling up the DagBag from /opt/airflow/dags/weather_pipeline.py","logger":"airflow.models.dagbag.BundleDagBag","filename":"dagbag.py","lineno":593}
{"timestamp":"2026-04-04T06:17:52.586378Z","level":"warning","event":"The `airflow.operators.python.PythonOperator` attribute is deprecated. Please use `'airflow.providers.standard.operators.python.PythonOperator'`.","category":"DeprecatedImportWarning","filename":"/opt/airflow/dags/weather_pipeline.py","lineno":2,"logger":"py.warnings"}
{"timestamp":"2026-04-04T06:17:52.632033Z","level":"info","event":"Task instance is in running state","logger":"task.stdout"}
{"timestamp":"2026-04-04T06:17:52.633193Z","level":"info","event":" Previous state of the Task instance: TaskInstanceState.QUEUED","logger":"task.stdout"}
{"timestamp":"2026-04-04T06:17:52.634557Z","level":"info","event":"Current task name:print_summary","logger":"task.stdout"}
{"timestamp":"2026-04-04T06:17:52.635603Z","level":"info","event":"Dag name:weather_pipeline_free","logger":"task.stdout"}
{"timestamp":"2026-04-04T06:17:52.655195Z","level":"info","event":"======== WEATHER SUMMARY ========","logger":"task.stdout"}
{"timestamp":"2026-04-04T06:17:52.656660Z","level":"info","event":"  City        : London","logger":"task.stdout"}
{"timestamp":"2026-04-04T06:17:52.657794Z","level":"info","event":"  Temperature : 9.5C","logger":"task.stdout"}
{"timestamp":"2026-04-04T06:17:52.658654Z","level":"info","event":"  Wind Speed  : 9.0 km/h","logger":"task.stdout"}
{"timestamp":"2026-04-04T06:17:52.660070Z","level":"info","event":"  Direction   : 226 degrees","logger":"task.stdout"}
{"timestamp":"2026-04-04T06:17:52.663122Z","level":"info","event":"  Condition   : Overcast","logger":"task.stdout"}
{"timestamp":"2026-04-04T06:17:52.664265Z","level":"info","event":"  Timestamp   : 2026-04-04 06:17:48","logger":"task.stdout"}
{"timestamp":"2026-04-04T06:17:52.665295Z","level":"info","event":"==================================","logger":"task.stdout"}
{"timestamp":"2026-04-04T06:17:52.656347Z","level":"info","event":"Done. Returned value was: None","logger":"airflow.task.operators.airflow.providers.standard.operators.python.PythonOperator","filename":"python.py","lineno":230}
{"timestamp":"2026-04-04T06:17:52.699552Z","level":"info","event":"Task instance in success state","logger":"task.stdout"}
{"timestamp":"2026-04-04T06:17:52.700516Z","level":"info","event":" Previous state of the Task instance: TaskInstanceState.RUNNING","logger":"task.stdout"}
{"timestamp":"2026-04-04T06:17:52.701400Z","level":"info","event":"Task operator:<Task(PythonOperator): print_summary>","logger":"task.stdout"}
