{"timestamp":"2026-04-06T14:30:33.553639Z","level":"info","event":"Stats instance was created in PID 7 but accessed in PID 102. Re-initializing.","logger":"airflow.stats","filename":"stats.py","lineno":57}
{"timestamp":"2026-04-06T14:30:34.268503Z","level":"info","event":"DAG bundles loaded: dags-folder, example_dags","logger":"airflow.dag_processing.bundles.manager.DagBundlesManager","filename":"manager.py","lineno":179}
{"timestamp":"2026-04-06T14:30:34.271720Z","level":"info","event":"Filling up the DagBag from /opt/airflow/dags/weather_pipeline.py","logger":"airflow.models.dagbag.BundleDagBag","filename":"dagbag.py","lineno":593}
{"timestamp":"2026-04-06T14:30:34.299458Z","level":"warning","event":"The `airflow.operators.python.PythonOperator` attribute is deprecated. Please use `'airflow.providers.standard.operators.python.PythonOperator'`.","category":"DeprecatedImportWarning","filename":"/opt/airflow/dags/weather_pipeline.py","lineno":2,"logger":"py.warnings"}
{"timestamp":"2026-04-06T14:30:34.361242Z","level":"info","event":"Task instance is in running state","logger":"task.stdout"}
{"timestamp":"2026-04-06T14:30:34.362225Z","level":"info","event":" Previous state of the Task instance: TaskInstanceState.QUEUED","logger":"task.stdout"}
{"timestamp":"2026-04-06T14:30:34.362994Z","level":"info","event":"Current task name:print_summary","logger":"task.stdout"}
{"timestamp":"2026-04-06T14:30:34.363512Z","level":"info","event":"Dag name:weather_pipeline_free","logger":"task.stdout"}
{"timestamp":"2026-04-06T14:30:34.399185Z","level":"info","event":"======== WEATHER SUMMARY ========","logger":"task.stdout"}
{"timestamp":"2026-04-06T14:30:34.399889Z","level":"info","event":"  City        : London","logger":"task.stdout"}
{"timestamp":"2026-04-06T14:30:34.400438Z","level":"info","event":"  Temperature : 16.2C","logger":"task.stdout"}
{"timestamp":"2026-04-06T14:30:34.401372Z","level":"info","event":"  Wind Speed  : 11.9 km/h","logger":"task.stdout"}
{"timestamp":"2026-04-06T14:30:34.402277Z","level":"info","event":"  Direction   : 162 degrees","logger":"task.stdout"}
{"timestamp":"2026-04-06T14:30:34.402734Z","level":"info","event":"  Condition   : Partly cloudy","logger":"task.stdout"}
{"timestamp":"2026-04-06T14:30:34.403251Z","level":"info","event":"  Timestamp   : 2026-04-06 14:30:28","logger":"task.stdout"}
{"timestamp":"2026-04-06T14:30:34.403818Z","level":"info","event":"==================================","logger":"task.stdout"}
{"timestamp":"2026-04-06T14:30:34.400016Z","level":"info","event":"Done. Returned value was: None","logger":"airflow.task.operators.airflow.providers.standard.operators.python.PythonOperator","filename":"python.py","lineno":230}
{"timestamp":"2026-04-06T14:30:34.439476Z","level":"info","event":"Task instance in success state","logger":"task.stdout"}
{"timestamp":"2026-04-06T14:30:34.440039Z","level":"info","event":" Previous state of the Task instance: TaskInstanceState.RUNNING","logger":"task.stdout"}
{"timestamp":"2026-04-06T14:30:34.440680Z","level":"info","event":"Task operator:<Task(PythonOperator): print_summary>","logger":"task.stdout"}
