{"timestamp":"2026-04-06T03:00:05.218495Z","level":"info","event":"Stats instance was created in PID 7 but accessed in PID 179. Re-initializing.","logger":"airflow.stats","filename":"stats.py","lineno":57}
{"timestamp":"2026-04-06T03:00:05.747068Z","level":"info","event":"DAG bundles loaded: dags-folder, example_dags","logger":"airflow.dag_processing.bundles.manager.DagBundlesManager","filename":"manager.py","lineno":179}
{"timestamp":"2026-04-06T03:00:05.750072Z","level":"info","event":"Filling up the DagBag from /opt/airflow/dags/ai_news_pipeline.py","logger":"airflow.models.dagbag.BundleDagBag","filename":"dagbag.py","lineno":593}
{"timestamp":"2026-04-06T03:00:05.780909Z","level":"warning","event":"The `airflow.operators.python.PythonOperator` attribute is deprecated. Please use `'airflow.providers.standard.operators.python.PythonOperator'`.","category":"DeprecatedImportWarning","filename":"/opt/airflow/dags/ai_news_pipeline.py","lineno":2,"logger":"py.warnings"}
{"timestamp":"2026-04-06T03:00:05.818212Z","level":"info","event":"Task instance is in running state","logger":"task.stdout"}
{"timestamp":"2026-04-06T03:00:05.818948Z","level":"info","event":" Previous state of the Task instance: TaskInstanceState.QUEUED","logger":"task.stdout"}
{"timestamp":"2026-04-06T03:00:05.821162Z","level":"info","event":"Current task name:ai_analyze","logger":"task.stdout"}
{"timestamp":"2026-04-06T03:00:05.822009Z","level":"info","event":"Dag name:ai_news_pipeline","logger":"task.stdout"}
{"timestamp":"2026-04-06T03:00:05.839318Z","level":"info","event":"Analyzing 1/10: Trump issues expletive-laden threat to Iran over H...","logger":"task.stdout"}
{"timestamp":"2026-04-06T03:00:06.072600Z","level":"info","event":"AI analysis failed: 'candidates'","logger":"task.stdout"}
{"timestamp":"2026-04-06T03:00:06.073964Z","level":"info","event":"Analyzing 2/10: How rescue of US airman in remote part of Iran unf...","logger":"task.stdout"}
{"timestamp":"2026-04-06T03:00:06.272725Z","level":"info","event":"AI analysis failed: 'candidates'","logger":"task.stdout"}
{"timestamp":"2026-04-06T03:00:06.274283Z","level":"info","event":"Analyzing 3/10: Trump declares victory after rescue but threats to...","logger":"task.stdout"}
{"timestamp":"2026-04-06T03:00:06.495498Z","level":"info","event":"AI analysis failed: 'candidates'","logger":"task.stdout"}
{"timestamp":"2026-04-06T03:00:06.496644Z","level":"info","event":"Analyzing 4/10: Hungary alleges plot to blow up gas pipeline ahead...","logger":"task.stdout"}
{"timestamp":"2026-04-06T03:00:06.702984Z","level":"info","event":"AI analysis failed: 'candidates'","logger":"task.stdout"}
{"timestamp":"2026-04-06T03:00:06.704715Z","level":"info","event":"Analyzing 5/10: Pope Leo calls for global leaders to choose peace ...","logger":"task.stdout"}
{"timestamp":"2026-04-06T03:00:06.912193Z","level":"info","event":"AI analysis failed: 'candidates'","logger":"task.stdout"}
{"timestamp":"2026-04-06T03:00:06.913831Z","level":"info","event":"Analyzing 6/10: Cambodia unveils statue to honour famous landmine-...","logger":"task.stdout"}
{"timestamp":"2026-04-06T03:00:07.127649Z","level":"info","event":"AI analysis failed: 'candidates'","logger":"task.stdout"}
{"timestamp":"2026-04-06T03:00:07.132496Z","level":"info","event":"Analyzing 7/10: Artemis's stunning Moon pictures - science or holi...","logger":"task.stdout"}
{"timestamp":"2026-04-06T03:00:07.341333Z","level":"info","event":"AI analysis failed: 'candidates'","logger":"task.stdout"}
{"timestamp":"2026-04-06T03:00:07.343326Z","level":"info","event":"Analyzing 8/10: AI videos fuel rhetoric as Orbán bids for four mor...","logger":"task.stdout"}
{"timestamp":"2026-04-06T03:00:07.540720Z","level":"info","event":"AI analysis failed: 'candidates'","logger":"task.stdout"}
{"timestamp":"2026-04-06T03:00:07.542099Z","level":"info","event":"Analyzing 9/10: Man charged over fatal shooting of baby in pram in...","logger":"task.stdout"}
{"timestamp":"2026-04-06T03:00:07.760297Z","level":"info","event":"AI analysis failed: 'candidates'","logger":"task.stdout"}
{"timestamp":"2026-04-06T03:00:07.763136Z","level":"info","event":"Analyzing 10/10: German males under 45 may need military approval f...","logger":"task.stdout"}
{"timestamp":"2026-04-06T03:00:07.983157Z","level":"info","event":"AI analysis failed: 'candidates'","logger":"task.stdout"}
{"timestamp":"2026-04-06T03:00:07.987964Z","level":"info","event":"AI analyzed 10 articles","logger":"task.stdout"}
{"timestamp":"2026-04-06T03:00:08.022510Z","level":"info","event":"Done. Returned value was: None","logger":"airflow.task.operators.airflow.providers.standard.operators.python.PythonOperator","filename":"python.py","lineno":230}
{"timestamp":"2026-04-06T03:00:08.062146Z","level":"info","event":"Task instance in success state","logger":"task.stdout"}
{"timestamp":"2026-04-06T03:00:08.063007Z","level":"info","event":" Previous state of the Task instance: TaskInstanceState.RUNNING","logger":"task.stdout"}
{"timestamp":"2026-04-06T03:00:08.068583Z","level":"info","event":"Task operator:<Task(PythonOperator): ai_analyze>","logger":"task.stdout"}
