{"timestamp":"2026-04-06T14:30:31.455072Z","level":"info","event":"Stats instance was created in PID 7 but accessed in PID 93. Re-initializing.","logger":"airflow.stats","filename":"stats.py","lineno":57}
{"timestamp":"2026-04-06T14:30:32.152563Z","level":"info","event":"DAG bundles loaded: dags-folder, example_dags","logger":"airflow.dag_processing.bundles.manager.DagBundlesManager","filename":"manager.py","lineno":179}
{"timestamp":"2026-04-06T14:30:32.155913Z","level":"info","event":"Filling up the DagBag from /opt/airflow/dags/ai_news_pipeline.py","logger":"airflow.models.dagbag.BundleDagBag","filename":"dagbag.py","lineno":593}
{"timestamp":"2026-04-06T14:30:32.182969Z","level":"warning","event":"The `airflow.operators.python.PythonOperator` attribute is deprecated. Please use `'airflow.providers.standard.operators.python.PythonOperator'`.","category":"DeprecatedImportWarning","filename":"/opt/airflow/dags/ai_news_pipeline.py","lineno":2,"logger":"py.warnings"}
{"timestamp":"2026-04-06T14:30:32.267046Z","level":"info","event":"Task instance is in running state","logger":"task.stdout"}
{"timestamp":"2026-04-06T14:30:32.268006Z","level":"info","event":" Previous state of the Task instance: TaskInstanceState.QUEUED","logger":"task.stdout"}
{"timestamp":"2026-04-06T14:30:32.268657Z","level":"info","event":"Current task name:ai_analyze","logger":"task.stdout"}
{"timestamp":"2026-04-06T14:30:32.269322Z","level":"info","event":"Dag name:ai_news_pipeline","logger":"task.stdout"}
{"timestamp":"2026-04-06T14:30:32.307327Z","level":"info","event":"Analyzing 1/10: How rescue of US airman in remote part of Iran unf...","logger":"task.stdout"}
{"timestamp":"2026-04-06T14:30:32.640211Z","level":"info","event":"AI analysis failed: 'candidates'","logger":"task.stdout"}
{"timestamp":"2026-04-06T14:30:32.642570Z","level":"info","event":"Analyzing 2/10: Trump declares victory after rescue but threats to...","logger":"task.stdout"}
{"timestamp":"2026-04-06T14:30:32.974652Z","level":"info","event":"AI analysis failed: 'candidates'","logger":"task.stdout"}
{"timestamp":"2026-04-06T14:30:32.977628Z","level":"info","event":"Analyzing 3/10: 'Really feeling the love' - Savannah Guthrie retur...","logger":"task.stdout"}
{"timestamp":"2026-04-06T14:30:33.302902Z","level":"info","event":"AI analysis failed: 'candidates'","logger":"task.stdout"}
{"timestamp":"2026-04-06T14:30:33.304817Z","level":"info","event":"Analyzing 4/10: Emergency jabs after 100 children die of suspected...","logger":"task.stdout"}
{"timestamp":"2026-04-06T14:30:33.521670Z","level":"info","event":"AI analysis failed: 'candidates'","logger":"task.stdout"}
{"timestamp":"2026-04-06T14:30:33.522974Z","level":"info","event":"Analyzing 5/10: DR Congo agrees to take deportees from the US...","logger":"task.stdout"}
{"timestamp":"2026-04-06T14:30:33.798808Z","level":"info","event":"AI analysis failed: 'candidates'","logger":"task.stdout"}
{"timestamp":"2026-04-06T14:30:33.800338Z","level":"info","event":"Analyzing 6/10: US Secret Service investigates reports of gunfire ...","logger":"task.stdout"}
{"timestamp":"2026-04-06T14:30:34.061838Z","level":"info","event":"AI analysis failed: 'candidates'","logger":"task.stdout"}
{"timestamp":"2026-04-06T14:30:34.064111Z","level":"info","event":"Analyzing 7/10: Young gray whale dies after swimming up river in W...","logger":"task.stdout"}
{"timestamp":"2026-04-06T14:30:34.321133Z","level":"info","event":"AI analysis failed: 'candidates'","logger":"task.stdout"}
{"timestamp":"2026-04-06T14:30:34.323102Z","level":"info","event":"Analyzing 8/10: Nigerian army rescues 31 held after Easter church ...","logger":"task.stdout"}
{"timestamp":"2026-04-06T14:30:34.590854Z","level":"info","event":"AI analysis failed: 'candidates'","logger":"task.stdout"}
{"timestamp":"2026-04-06T14:30:34.593073Z","level":"info","event":"Analyzing 9/10: Hungary alleges plot to blow up gas pipeline ahead...","logger":"task.stdout"}
{"timestamp":"2026-04-06T14:30:34.843047Z","level":"info","event":"AI analysis failed: 'candidates'","logger":"task.stdout"}
{"timestamp":"2026-04-06T14:30:34.845396Z","level":"info","event":"Analyzing 10/10: Pope Leo calls for global leaders to choose peace ...","logger":"task.stdout"}
{"timestamp":"2026-04-06T14:30:35.093666Z","level":"info","event":"AI analysis failed: 'candidates'","logger":"task.stdout"}
{"timestamp":"2026-04-06T14:30:35.095415Z","level":"info","event":"AI analyzed 10 articles","logger":"task.stdout"}
{"timestamp":"2026-04-06T14:30:35.131672Z","level":"info","event":"Done. Returned value was: None","logger":"airflow.task.operators.airflow.providers.standard.operators.python.PythonOperator","filename":"python.py","lineno":230}
{"timestamp":"2026-04-06T14:30:35.175462Z","level":"info","event":"Task instance in success state","logger":"task.stdout"}
{"timestamp":"2026-04-06T14:30:35.181714Z","level":"info","event":" Previous state of the Task instance: TaskInstanceState.RUNNING","logger":"task.stdout"}
{"timestamp":"2026-04-06T14:30:35.182780Z","level":"info","event":"Task operator:<Task(PythonOperator): ai_analyze>","logger":"task.stdout"}
