{"timestamp":"2026-04-06T04:00:12.075753Z","level":"info","event":"Stats instance was created in PID 7 but accessed in PID 856. Re-initializing.","logger":"airflow.stats","filename":"stats.py","lineno":57}
{"timestamp":"2026-04-06T04:00:12.448664Z","level":"info","event":"DAG bundles loaded: dags-folder, example_dags","logger":"airflow.dag_processing.bundles.manager.DagBundlesManager","filename":"manager.py","lineno":179}
{"timestamp":"2026-04-06T04:00:12.450987Z","level":"info","event":"Filling up the DagBag from /opt/airflow/dags/ai_news_pipeline.py","logger":"airflow.models.dagbag.BundleDagBag","filename":"dagbag.py","lineno":593}
{"timestamp":"2026-04-06T04:00:12.474554Z","level":"warning","event":"The `airflow.operators.python.PythonOperator` attribute is deprecated. Please use `'airflow.providers.standard.operators.python.PythonOperator'`.","category":"DeprecatedImportWarning","filename":"/opt/airflow/dags/ai_news_pipeline.py","lineno":2,"logger":"py.warnings"}
{"timestamp":"2026-04-06T04:00:12.516967Z","level":"info","event":"Task instance is in running state","logger":"task.stdout"}
{"timestamp":"2026-04-06T04:00:12.517923Z","level":"info","event":" Previous state of the Task instance: TaskInstanceState.QUEUED","logger":"task.stdout"}
{"timestamp":"2026-04-06T04:00:12.518528Z","level":"info","event":"Current task name:ai_daily_report","logger":"task.stdout"}
{"timestamp":"2026-04-06T04:00:12.519188Z","level":"info","event":"Dag name:ai_news_pipeline","logger":"task.stdout"}
{"timestamp":"2026-04-06T04:00:12.775937Z","level":"info","event":"Report error: 'candidates'","logger":"task.stdout"}
{"timestamp":"2026-04-06T04:00:12.776876Z","level":"info","event":"","logger":"task.stdout"}
{"timestamp":"2026-04-06T04:00:12.777672Z","level":"info","event":"========= AI WORLD NEWS BRIEFING =========","logger":"task.stdout"}
{"timestamp":"2026-04-06T04:00:12.778519Z","level":"info","event":"  Date       : 2026-04-06 04:00:12","logger":"task.stdout"}
{"timestamp":"2026-04-06T04:00:12.779711Z","level":"info","event":"  Articles   : 10","logger":"task.stdout"}
{"timestamp":"2026-04-06T04:00:12.780333Z","level":"info","event":"  Positive   : 0","logger":"task.stdout"}
{"timestamp":"2026-04-06T04:00:12.780834Z","level":"info","event":"  Negative   : 0","logger":"task.stdout"}
{"timestamp":"2026-04-06T04:00:12.781423Z","level":"info","event":"  Neutral    : 10","logger":"task.stdout"}
{"timestamp":"2026-04-06T04:00:12.781920Z","level":"info","event":"  Categories : {'general': 10}","logger":"task.stdout"}
{"timestamp":"2026-04-06T04:00:12.782638Z","level":"info","event":"","logger":"task.stdout"}
{"timestamp":"2026-04-06T04:00:12.783413Z","level":"info","event":"  AI BRIEFING:","logger":"task.stdout"}
{"timestamp":"2026-04-06T04:00:12.783994Z","level":"info","event":"  Daily report generation failed.","logger":"task.stdout"}
{"timestamp":"2026-04-06T04:00:12.784519Z","level":"info","event":"","logger":"task.stdout"}
{"timestamp":"2026-04-06T04:00:12.785084Z","level":"info","event":"  ARTICLE ANALYSIS:","logger":"task.stdout"}
{"timestamp":"2026-04-06T04:00:12.785620Z","level":"info","event":"  ----------------------------------------","logger":"task.stdout"}
{"timestamp":"2026-04-06T04:00:12.786197Z","level":"info","event":"","logger":"task.stdout"}
{"timestamp":"2026-04-06T04:00:12.786731Z","level":"info","event":"  1. Trump issues expletive-laden threat to Iran over Hormuz Stra","logger":"task.stdout"}
{"timestamp":"2026-04-06T04:00:12.787332Z","level":"info","event":"     Summary   : Analysis unavailable","logger":"task.stdout"}
{"timestamp":"2026-04-06T04:00:12.787818Z","level":"info","event":"     Sentiment : NEUTRAL - N/A","logger":"task.stdout"}
{"timestamp":"2026-04-06T04:00:12.788694Z","level":"info","event":"     Category  : general","logger":"task.stdout"}
{"timestamp":"2026-04-06T04:00:12.789438Z","level":"info","event":"","logger":"task.stdout"}
{"timestamp":"2026-04-06T04:00:12.789999Z","level":"info","event":"  2. How rescue of US airman in remote part of Iran unfolded","logger":"task.stdout"}
{"timestamp":"2026-04-06T04:00:12.790786Z","level":"info","event":"     Summary   : Analysis unavailable","logger":"task.stdout"}
{"timestamp":"2026-04-06T04:00:12.791292Z","level":"info","event":"     Sentiment : NEUTRAL - N/A","logger":"task.stdout"}
{"timestamp":"2026-04-06T04:00:12.791805Z","level":"info","event":"     Category  : general","logger":"task.stdout"}
{"timestamp":"2026-04-06T04:00:12.792303Z","level":"info","event":"","logger":"task.stdout"}
{"timestamp":"2026-04-06T04:00:12.792771Z","level":"info","event":"  3. Trump declares victory after rescue but threats to US operat","logger":"task.stdout"}
{"timestamp":"2026-04-06T04:00:12.793259Z","level":"info","event":"     Summary   : Analysis unavailable","logger":"task.stdout"}
{"timestamp":"2026-04-06T04:00:12.793738Z","level":"info","event":"     Sentiment : NEUTRAL - N/A","logger":"task.stdout"}
{"timestamp":"2026-04-06T04:00:12.794169Z","level":"info","event":"     Category  : general","logger":"task.stdout"}
{"timestamp":"2026-04-06T04:00:12.795204Z","level":"info","event":"","logger":"task.stdout"}
{"timestamp":"2026-04-06T04:00:12.795757Z","level":"info","event":"  4. Hungary alleges plot to blow up gas pipeline ahead of electi","logger":"task.stdout"}
{"timestamp":"2026-04-06T04:00:12.796397Z","level":"info","event":"     Summary   : Analysis unavailable","logger":"task.stdout"}
{"timestamp":"2026-04-06T04:00:12.796887Z","level":"info","event":"     Sentiment : NEUTRAL - N/A","logger":"task.stdout"}
{"timestamp":"2026-04-06T04:00:12.797434Z","level":"info","event":"     Category  : general","logger":"task.stdout"}
{"timestamp":"2026-04-06T04:00:12.798038Z","level":"info","event":"","logger":"task.stdout"}
{"timestamp":"2026-04-06T04:00:12.798561Z","level":"info","event":"  5. Pope Leo calls for global leaders to choose peace in his fir","logger":"task.stdout"}
{"timestamp":"2026-04-06T04:00:12.799211Z","level":"info","event":"     Summary   : Analysis unavailable","logger":"task.stdout"}
{"timestamp":"2026-04-06T04:00:12.799716Z","level":"info","event":"     Sentiment : NEUTRAL - N/A","logger":"task.stdout"}
{"timestamp":"2026-04-06T04:00:12.800416Z","level":"info","event":"     Category  : general","logger":"task.stdout"}
{"timestamp":"2026-04-06T04:00:12.801105Z","level":"info","event":"","logger":"task.stdout"}
{"timestamp":"2026-04-06T04:00:12.801824Z","level":"info","event":"==========================================","logger":"task.stdout"}
{"timestamp":"2026-04-06T04:00:12.777889Z","level":"info","event":"Done. Returned value was: None","logger":"airflow.task.operators.airflow.providers.standard.operators.python.PythonOperator","filename":"python.py","lineno":230}
{"timestamp":"2026-04-06T04:00:12.825873Z","level":"info","event":"Task instance in success state","logger":"task.stdout"}
{"timestamp":"2026-04-06T04:00:12.826757Z","level":"info","event":" Previous state of the Task instance: TaskInstanceState.RUNNING","logger":"task.stdout"}
{"timestamp":"2026-04-06T04:00:12.827570Z","level":"info","event":"Task operator:<Task(PythonOperator): ai_daily_report>","logger":"task.stdout"}
