{"timestamp":"2026-04-06T14:30:31.489429Z","level":"info","event":"Stats instance was created in PID 7 but accessed in PID 94. Re-initializing.","logger":"airflow.stats","filename":"stats.py","lineno":57}
{"timestamp":"2026-04-06T14:30:32.158896Z","level":"info","event":"DAG bundles loaded: dags-folder, example_dags","logger":"airflow.dag_processing.bundles.manager.DagBundlesManager","filename":"manager.py","lineno":179}
{"timestamp":"2026-04-06T14:30:32.162012Z","level":"info","event":"Filling up the DagBag from /opt/airflow/dags/ai_news_pipeline.py","logger":"airflow.models.dagbag.BundleDagBag","filename":"dagbag.py","lineno":593}
{"timestamp":"2026-04-06T14:30:32.188557Z","level":"warning","event":"The `airflow.operators.python.PythonOperator` attribute is deprecated. Please use `'airflow.providers.standard.operators.python.PythonOperator'`.","category":"DeprecatedImportWarning","filename":"/opt/airflow/dags/ai_news_pipeline.py","lineno":2,"logger":"py.warnings"}
{"timestamp":"2026-04-06T14:30:32.272002Z","level":"info","event":"Task instance is in running state","logger":"task.stdout"}
{"timestamp":"2026-04-06T14:30:32.272704Z","level":"info","event":" Previous state of the Task instance: TaskInstanceState.QUEUED","logger":"task.stdout"}
{"timestamp":"2026-04-06T14:30:32.273677Z","level":"info","event":"Current task name:ai_analyze","logger":"task.stdout"}
{"timestamp":"2026-04-06T14:30:32.274290Z","level":"info","event":"Dag name:ai_news_pipeline","logger":"task.stdout"}
{"timestamp":"2026-04-06T14:30:32.319942Z","level":"info","event":"Analyzing 1/10: How rescue of US airman in remote part of Iran unf...","logger":"task.stdout"}
{"timestamp":"2026-04-06T14:30:32.692619Z","level":"info","event":"AI analysis failed: 'candidates'","logger":"task.stdout"}
{"timestamp":"2026-04-06T14:30:32.695741Z","level":"info","event":"Analyzing 2/10: Trump declares victory after rescue but threats to...","logger":"task.stdout"}
{"timestamp":"2026-04-06T14:30:32.929222Z","level":"info","event":"AI analysis failed: 'candidates'","logger":"task.stdout"}
{"timestamp":"2026-04-06T14:30:32.931953Z","level":"info","event":"Analyzing 3/10: 'Really feeling the love' - Savannah Guthrie retur...","logger":"task.stdout"}
{"timestamp":"2026-04-06T14:30:33.302866Z","level":"info","event":"AI analysis failed: 'candidates'","logger":"task.stdout"}
{"timestamp":"2026-04-06T14:30:33.304783Z","level":"info","event":"Analyzing 4/10: Emergency jabs after 100 children die of suspected...","logger":"task.stdout"}
{"timestamp":"2026-04-06T14:30:33.578358Z","level":"info","event":"AI analysis failed: 'candidates'","logger":"task.stdout"}
{"timestamp":"2026-04-06T14:30:33.580976Z","level":"info","event":"Analyzing 5/10: DR Congo agrees to take deportees from the US...","logger":"task.stdout"}
{"timestamp":"2026-04-06T14:30:33.791490Z","level":"info","event":"AI analysis failed: 'candidates'","logger":"task.stdout"}
{"timestamp":"2026-04-06T14:30:33.793159Z","level":"info","event":"Analyzing 6/10: US Secret Service investigates reports of gunfire ...","logger":"task.stdout"}
{"timestamp":"2026-04-06T14:30:34.065302Z","level":"info","event":"AI analysis failed: 'candidates'","logger":"task.stdout"}
{"timestamp":"2026-04-06T14:30:34.067367Z","level":"info","event":"Analyzing 7/10: Young gray whale dies after swimming up river in W...","logger":"task.stdout"}
{"timestamp":"2026-04-06T14:30:34.310401Z","level":"info","event":"AI analysis failed: 'candidates'","logger":"task.stdout"}
{"timestamp":"2026-04-06T14:30:34.312313Z","level":"info","event":"Analyzing 8/10: Nigerian army rescues 31 held after Easter church ...","logger":"task.stdout"}
{"timestamp":"2026-04-06T14:30:34.586943Z","level":"info","event":"AI analysis failed: 'candidates'","logger":"task.stdout"}
{"timestamp":"2026-04-06T14:30:34.588887Z","level":"info","event":"Analyzing 9/10: Hungary alleges plot to blow up gas pipeline ahead...","logger":"task.stdout"}
{"timestamp":"2026-04-06T14:30:34.855534Z","level":"info","event":"AI analysis failed: 'candidates'","logger":"task.stdout"}
{"timestamp":"2026-04-06T14:30:34.856547Z","level":"info","event":"Analyzing 10/10: Pope Leo calls for global leaders to choose peace ...","logger":"task.stdout"}
{"timestamp":"2026-04-06T14:30:35.105670Z","level":"info","event":"AI analysis failed: 'candidates'","logger":"task.stdout"}
{"timestamp":"2026-04-06T14:30:35.107834Z","level":"info","event":"AI analyzed 10 articles","logger":"task.stdout"}
{"timestamp":"2026-04-06T14:30:35.144029Z","level":"info","event":"Done. Returned value was: None","logger":"airflow.task.operators.airflow.providers.standard.operators.python.PythonOperator","filename":"python.py","lineno":230}
{"timestamp":"2026-04-06T14:30:35.182445Z","level":"info","event":"Task instance in success state","logger":"task.stdout"}
{"timestamp":"2026-04-06T14:30:35.183123Z","level":"info","event":" Previous state of the Task instance: TaskInstanceState.RUNNING","logger":"task.stdout"}
{"timestamp":"2026-04-06T14:30:35.183670Z","level":"info","event":"Task operator:<Task(PythonOperator): ai_analyze>","logger":"task.stdout"}
