{"timestamp":"2026-04-06T03:00:11.326290Z","level":"info","event":"Stats instance was created in PID 7 but accessed in PID 185. Re-initializing.","logger":"airflow.stats","filename":"stats.py","lineno":57}
{"timestamp":"2026-04-06T03:00:11.841870Z","level":"info","event":"DAG bundles loaded: dags-folder, example_dags","logger":"airflow.dag_processing.bundles.manager.DagBundlesManager","filename":"manager.py","lineno":179}
{"timestamp":"2026-04-06T03:00:11.844931Z","level":"info","event":"Filling up the DagBag from /opt/airflow/dags/ai_news_pipeline.py","logger":"airflow.models.dagbag.BundleDagBag","filename":"dagbag.py","lineno":593}
{"timestamp":"2026-04-06T03:00:11.877346Z","level":"warning","event":"The `airflow.operators.python.PythonOperator` attribute is deprecated. Please use `'airflow.providers.standard.operators.python.PythonOperator'`.","category":"DeprecatedImportWarning","filename":"/opt/airflow/dags/ai_news_pipeline.py","lineno":2,"logger":"py.warnings"}
{"timestamp":"2026-04-06T03:00:11.931794Z","level":"info","event":"Task instance is in running state","logger":"task.stdout"}
{"timestamp":"2026-04-06T03:00:11.933237Z","level":"info","event":" Previous state of the Task instance: TaskInstanceState.QUEUED","logger":"task.stdout"}
{"timestamp":"2026-04-06T03:00:11.934227Z","level":"info","event":"Current task name:ai_daily_report","logger":"task.stdout"}
{"timestamp":"2026-04-06T03:00:11.935308Z","level":"info","event":"Dag name:ai_news_pipeline","logger":"task.stdout"}
{"timestamp":"2026-04-06T03:00:12.186727Z","level":"info","event":"Report error: 'candidates'","logger":"task.stdout"}
{"timestamp":"2026-04-06T03:00:12.189060Z","level":"info","event":"","logger":"task.stdout"}
{"timestamp":"2026-04-06T03:00:12.189963Z","level":"info","event":"========= AI WORLD NEWS BRIEFING =========","logger":"task.stdout"}
{"timestamp":"2026-04-06T03:00:12.190885Z","level":"info","event":"  Date       : 2026-04-06 03:00:12","logger":"task.stdout"}
{"timestamp":"2026-04-06T03:00:12.191429Z","level":"info","event":"  Articles   : 10","logger":"task.stdout"}
{"timestamp":"2026-04-06T03:00:12.191829Z","level":"info","event":"  Positive   : 0","logger":"task.stdout"}
{"timestamp":"2026-04-06T03:00:12.192522Z","level":"info","event":"  Negative   : 0","logger":"task.stdout"}
{"timestamp":"2026-04-06T03:00:12.192940Z","level":"info","event":"  Neutral    : 10","logger":"task.stdout"}
{"timestamp":"2026-04-06T03:00:12.193327Z","level":"info","event":"  Categories : {'general': 10}","logger":"task.stdout"}
{"timestamp":"2026-04-06T03:00:12.193635Z","level":"info","event":"","logger":"task.stdout"}
{"timestamp":"2026-04-06T03:00:12.193973Z","level":"info","event":"  AI BRIEFING:","logger":"task.stdout"}
{"timestamp":"2026-04-06T03:00:12.194379Z","level":"info","event":"  Daily report generation failed.","logger":"task.stdout"}
{"timestamp":"2026-04-06T03:00:12.194822Z","level":"info","event":"","logger":"task.stdout"}
{"timestamp":"2026-04-06T03:00:12.195273Z","level":"info","event":"  ARTICLE ANALYSIS:","logger":"task.stdout"}
{"timestamp":"2026-04-06T03:00:12.195625Z","level":"info","event":"  ----------------------------------------","logger":"task.stdout"}
{"timestamp":"2026-04-06T03:00:12.196032Z","level":"info","event":"","logger":"task.stdout"}
{"timestamp":"2026-04-06T03:00:12.196523Z","level":"info","event":"  1. Trump issues expletive-laden threat to Iran over Hormuz Stra","logger":"task.stdout"}
{"timestamp":"2026-04-06T03:00:12.196826Z","level":"info","event":"     Summary   : Analysis unavailable","logger":"task.stdout"}
{"timestamp":"2026-04-06T03:00:12.197531Z","level":"info","event":"     Sentiment : NEUTRAL - N/A","logger":"task.stdout"}
{"timestamp":"2026-04-06T03:00:12.198698Z","level":"info","event":"     Category  : general","logger":"task.stdout"}
{"timestamp":"2026-04-06T03:00:12.199612Z","level":"info","event":"","logger":"task.stdout"}
{"timestamp":"2026-04-06T03:00:12.201037Z","level":"info","event":"  2. How rescue of US airman in remote part of Iran unfolded","logger":"task.stdout"}
{"timestamp":"2026-04-06T03:00:12.202284Z","level":"info","event":"     Summary   : Analysis unavailable","logger":"task.stdout"}
{"timestamp":"2026-04-06T03:00:12.202940Z","level":"info","event":"     Sentiment : NEUTRAL - N/A","logger":"task.stdout"}
{"timestamp":"2026-04-06T03:00:12.203412Z","level":"info","event":"     Category  : general","logger":"task.stdout"}
{"timestamp":"2026-04-06T03:00:12.203807Z","level":"info","event":"","logger":"task.stdout"}
{"timestamp":"2026-04-06T03:00:12.204503Z","level":"info","event":"  3. Trump declares victory after rescue but threats to US operat","logger":"task.stdout"}
{"timestamp":"2026-04-06T03:00:12.205167Z","level":"info","event":"     Summary   : Analysis unavailable","logger":"task.stdout"}
{"timestamp":"2026-04-06T03:00:12.205863Z","level":"info","event":"     Sentiment : NEUTRAL - N/A","logger":"task.stdout"}
{"timestamp":"2026-04-06T03:00:12.206369Z","level":"info","event":"     Category  : general","logger":"task.stdout"}
{"timestamp":"2026-04-06T03:00:12.206993Z","level":"info","event":"","logger":"task.stdout"}
{"timestamp":"2026-04-06T03:00:12.207612Z","level":"info","event":"  4. Hungary alleges plot to blow up gas pipeline ahead of electi","logger":"task.stdout"}
{"timestamp":"2026-04-06T03:00:12.208024Z","level":"info","event":"     Summary   : Analysis unavailable","logger":"task.stdout"}
{"timestamp":"2026-04-06T03:00:12.208729Z","level":"info","event":"     Sentiment : NEUTRAL - N/A","logger":"task.stdout"}
{"timestamp":"2026-04-06T03:00:12.209245Z","level":"info","event":"     Category  : general","logger":"task.stdout"}
{"timestamp":"2026-04-06T03:00:12.209833Z","level":"info","event":"","logger":"task.stdout"}
{"timestamp":"2026-04-06T03:00:12.210358Z","level":"info","event":"  5. Pope Leo calls for global leaders to choose peace in his fir","logger":"task.stdout"}
{"timestamp":"2026-04-06T03:00:12.210832Z","level":"info","event":"     Summary   : Analysis unavailable","logger":"task.stdout"}
{"timestamp":"2026-04-06T03:00:12.211329Z","level":"info","event":"     Sentiment : NEUTRAL - N/A","logger":"task.stdout"}
{"timestamp":"2026-04-06T03:00:12.211915Z","level":"info","event":"     Category  : general","logger":"task.stdout"}
{"timestamp":"2026-04-06T03:00:12.212450Z","level":"info","event":"","logger":"task.stdout"}
{"timestamp":"2026-04-06T03:00:12.212993Z","level":"info","event":"==========================================","logger":"task.stdout"}
{"timestamp":"2026-04-06T03:00:12.190352Z","level":"info","event":"Done. Returned value was: None","logger":"airflow.task.operators.airflow.providers.standard.operators.python.PythonOperator","filename":"python.py","lineno":230}
{"timestamp":"2026-04-06T03:00:12.244278Z","level":"info","event":"Task instance in success state","logger":"task.stdout"}
{"timestamp":"2026-04-06T03:00:12.244958Z","level":"info","event":" Previous state of the Task instance: TaskInstanceState.RUNNING","logger":"task.stdout"}
{"timestamp":"2026-04-06T03:00:12.246600Z","level":"info","event":"Task operator:<Task(PythonOperator): ai_daily_report>","logger":"task.stdout"}
