{"timestamp":"2026-04-06T02:55:34.558225Z","level":"info","event":"Stats instance was created in PID 7 but accessed in PID 89. Re-initializing.","logger":"airflow.stats","filename":"stats.py","lineno":57}
{"timestamp":"2026-04-06T02:55:35.288461Z","level":"info","event":"DAG bundles loaded: dags-folder, example_dags","logger":"airflow.dag_processing.bundles.manager.DagBundlesManager","filename":"manager.py","lineno":179}
{"timestamp":"2026-04-06T02:55:35.291100Z","level":"info","event":"Filling up the DagBag from /opt/airflow/dags/weather_pipeline.py","logger":"airflow.models.dagbag.BundleDagBag","filename":"dagbag.py","lineno":593}
{"timestamp":"2026-04-06T02:55:35.319109Z","level":"warning","event":"The `airflow.operators.python.PythonOperator` attribute is deprecated. Please use `'airflow.providers.standard.operators.python.PythonOperator'`.","category":"DeprecatedImportWarning","filename":"/opt/airflow/dags/weather_pipeline.py","lineno":2,"logger":"py.warnings"}
{"timestamp":"2026-04-06T02:55:35.387346Z","level":"info","event":"Task instance is in running state","logger":"task.stdout"}
{"timestamp":"2026-04-06T02:55:35.388339Z","level":"info","event":" Previous state of the Task instance: TaskInstanceState.QUEUED","logger":"task.stdout"}
{"timestamp":"2026-04-06T02:55:35.389352Z","level":"info","event":"Current task name:print_summary","logger":"task.stdout"}
{"timestamp":"2026-04-06T02:55:35.389996Z","level":"info","event":"Dag name:weather_pipeline_free","logger":"task.stdout"}
{"timestamp":"2026-04-06T02:55:35.420759Z","level":"info","event":"======== WEATHER SUMMARY ========","logger":"task.stdout"}
{"timestamp":"2026-04-06T02:55:35.421699Z","level":"info","event":"  City        : London","logger":"task.stdout"}
{"timestamp":"2026-04-06T02:55:35.422369Z","level":"info","event":"  Temperature : 6.2C","logger":"task.stdout"}
{"timestamp":"2026-04-06T02:55:35.423010Z","level":"info","event":"  Wind Speed  : 4.7 km/h","logger":"task.stdout"}
{"timestamp":"2026-04-06T02:55:35.423493Z","level":"info","event":"  Direction   : 264 degrees","logger":"task.stdout"}
{"timestamp":"2026-04-06T02:55:35.423986Z","level":"info","event":"  Condition   : Mainly clear","logger":"task.stdout"}
{"timestamp":"2026-04-06T02:55:35.424628Z","level":"info","event":"  Timestamp   : 2026-04-06 02:55:29","logger":"task.stdout"}
{"timestamp":"2026-04-06T02:55:35.425214Z","level":"info","event":"==================================","logger":"task.stdout"}
{"timestamp":"2026-04-06T02:55:35.421696Z","level":"info","event":"Done. Returned value was: None","logger":"airflow.task.operators.airflow.providers.standard.operators.python.PythonOperator","filename":"python.py","lineno":230}
{"timestamp":"2026-04-06T02:55:35.469740Z","level":"info","event":"Task instance in success state","logger":"task.stdout"}
{"timestamp":"2026-04-06T02:55:35.470542Z","level":"info","event":" Previous state of the Task instance: TaskInstanceState.RUNNING","logger":"task.stdout"}
{"timestamp":"2026-04-06T02:55:35.471577Z","level":"info","event":"Task operator:<Task(PythonOperator): print_summary>","logger":"task.stdout"}
