{"timestamp":"2026-04-06T14:30:39.912275Z","level":"info","event":"Stats instance was created in PID 7 but accessed in PID 120. Re-initializing.","logger":"airflow.stats","filename":"stats.py","lineno":57}
{"timestamp":"2026-04-06T14:30:40.553740Z","level":"info","event":"DAG bundles loaded: dags-folder, example_dags","logger":"airflow.dag_processing.bundles.manager.DagBundlesManager","filename":"manager.py","lineno":179}
{"timestamp":"2026-04-06T14:30:40.557792Z","level":"info","event":"Filling up the DagBag from /opt/airflow/dags/ai_news_pipeline.py","logger":"airflow.models.dagbag.BundleDagBag","filename":"dagbag.py","lineno":593}
{"timestamp":"2026-04-06T14:30:40.586185Z","level":"warning","event":"The `airflow.operators.python.PythonOperator` attribute is deprecated. Please use `'airflow.providers.standard.operators.python.PythonOperator'`.","category":"DeprecatedImportWarning","filename":"/opt/airflow/dags/ai_news_pipeline.py","lineno":2,"logger":"py.warnings"}
{"timestamp":"2026-04-06T14:30:40.634586Z","level":"info","event":"Task instance is in running state","logger":"task.stdout"}
{"timestamp":"2026-04-06T14:30:40.635183Z","level":"info","event":" Previous state of the Task instance: TaskInstanceState.QUEUED","logger":"task.stdout"}
{"timestamp":"2026-04-06T14:30:40.635820Z","level":"info","event":"Current task name:ai_daily_report","logger":"task.stdout"}
{"timestamp":"2026-04-06T14:30:40.636255Z","level":"info","event":"Dag name:ai_news_pipeline","logger":"task.stdout"}
{"timestamp":"2026-04-06T14:30:40.892022Z","level":"info","event":"Report error: 'candidates'","logger":"task.stdout"}
{"timestamp":"2026-04-06T14:30:40.893881Z","level":"info","event":"","logger":"task.stdout"}
{"timestamp":"2026-04-06T14:30:40.897116Z","level":"info","event":"========= AI WORLD NEWS BRIEFING =========","logger":"task.stdout"}
{"timestamp":"2026-04-06T14:30:40.898099Z","level":"info","event":"  Date       : 2026-04-06 14:30:40","logger":"task.stdout"}
{"timestamp":"2026-04-06T14:30:40.898902Z","level":"info","event":"  Articles   : 10","logger":"task.stdout"}
{"timestamp":"2026-04-06T14:30:40.899303Z","level":"info","event":"  Positive   : 0","logger":"task.stdout"}
{"timestamp":"2026-04-06T14:30:40.899659Z","level":"info","event":"  Negative   : 0","logger":"task.stdout"}
{"timestamp":"2026-04-06T14:30:40.900069Z","level":"info","event":"  Neutral    : 10","logger":"task.stdout"}
{"timestamp":"2026-04-06T14:30:40.900455Z","level":"info","event":"  Categories : {'general': 10}","logger":"task.stdout"}
{"timestamp":"2026-04-06T14:30:40.900909Z","level":"info","event":"","logger":"task.stdout"}
{"timestamp":"2026-04-06T14:30:40.901352Z","level":"info","event":"  AI BRIEFING:","logger":"task.stdout"}
{"timestamp":"2026-04-06T14:30:40.901942Z","level":"info","event":"  Daily report generation failed.","logger":"task.stdout"}
{"timestamp":"2026-04-06T14:30:40.902704Z","level":"info","event":"","logger":"task.stdout"}
{"timestamp":"2026-04-06T14:30:40.903153Z","level":"info","event":"  ARTICLE ANALYSIS:","logger":"task.stdout"}
{"timestamp":"2026-04-06T14:30:40.903559Z","level":"info","event":"  ----------------------------------------","logger":"task.stdout"}
{"timestamp":"2026-04-06T14:30:40.903932Z","level":"info","event":"","logger":"task.stdout"}
{"timestamp":"2026-04-06T14:30:40.904668Z","level":"info","event":"  1. How rescue of US airman in remote part of Iran unfolded","logger":"task.stdout"}
{"timestamp":"2026-04-06T14:30:40.905099Z","level":"info","event":"     Summary   : Analysis unavailable","logger":"task.stdout"}
{"timestamp":"2026-04-06T14:30:40.905529Z","level":"info","event":"     Sentiment : NEUTRAL - N/A","logger":"task.stdout"}
{"timestamp":"2026-04-06T14:30:40.905908Z","level":"info","event":"     Category  : general","logger":"task.stdout"}
{"timestamp":"2026-04-06T14:30:40.906419Z","level":"info","event":"","logger":"task.stdout"}
{"timestamp":"2026-04-06T14:30:40.907433Z","level":"info","event":"  2. Trump declares victory after rescue but threats to US operat","logger":"task.stdout"}
{"timestamp":"2026-04-06T14:30:40.908028Z","level":"info","event":"     Summary   : Analysis unavailable","logger":"task.stdout"}
{"timestamp":"2026-04-06T14:30:40.908669Z","level":"info","event":"     Sentiment : NEUTRAL - N/A","logger":"task.stdout"}
{"timestamp":"2026-04-06T14:30:40.909411Z","level":"info","event":"     Category  : general","logger":"task.stdout"}
{"timestamp":"2026-04-06T14:30:40.910084Z","level":"info","event":"","logger":"task.stdout"}
{"timestamp":"2026-04-06T14:30:40.910544Z","level":"info","event":"  3. 'Really feeling the love' - Savannah Guthrie returns to NBC","logger":"task.stdout"}
{"timestamp":"2026-04-06T14:30:40.910982Z","level":"info","event":"     Summary   : Analysis unavailable","logger":"task.stdout"}
{"timestamp":"2026-04-06T14:30:40.911345Z","level":"info","event":"     Sentiment : NEUTRAL - N/A","logger":"task.stdout"}
{"timestamp":"2026-04-06T14:30:40.911669Z","level":"info","event":"     Category  : general","logger":"task.stdout"}
{"timestamp":"2026-04-06T14:30:40.912074Z","level":"info","event":"","logger":"task.stdout"}
{"timestamp":"2026-04-06T14:30:40.912558Z","level":"info","event":"  4. Emergency jabs after 100 children die of suspected measles i","logger":"task.stdout"}
{"timestamp":"2026-04-06T14:30:40.912903Z","level":"info","event":"     Summary   : Analysis unavailable","logger":"task.stdout"}
{"timestamp":"2026-04-06T14:30:40.913347Z","level":"info","event":"     Sentiment : NEUTRAL - N/A","logger":"task.stdout"}
{"timestamp":"2026-04-06T14:30:40.914217Z","level":"info","event":"     Category  : general","logger":"task.stdout"}
{"timestamp":"2026-04-06T14:30:40.914704Z","level":"info","event":"","logger":"task.stdout"}
{"timestamp":"2026-04-06T14:30:40.915112Z","level":"info","event":"  5. DR Congo agrees to take deportees from the US","logger":"task.stdout"}
{"timestamp":"2026-04-06T14:30:40.915590Z","level":"info","event":"     Summary   : Analysis unavailable","logger":"task.stdout"}
{"timestamp":"2026-04-06T14:30:40.916001Z","level":"info","event":"     Sentiment : NEUTRAL - N/A","logger":"task.stdout"}
{"timestamp":"2026-04-06T14:30:40.916360Z","level":"info","event":"     Category  : general","logger":"task.stdout"}
{"timestamp":"2026-04-06T14:30:40.916774Z","level":"info","event":"","logger":"task.stdout"}
{"timestamp":"2026-04-06T14:30:40.917217Z","level":"info","event":"==========================================","logger":"task.stdout"}
{"timestamp":"2026-04-06T14:30:40.895199Z","level":"info","event":"Done. Returned value was: None","logger":"airflow.task.operators.airflow.providers.standard.operators.python.PythonOperator","filename":"python.py","lineno":230}
{"timestamp":"2026-04-06T14:30:40.942756Z","level":"info","event":"Task instance in success state","logger":"task.stdout"}
{"timestamp":"2026-04-06T14:30:40.944049Z","level":"info","event":" Previous state of the Task instance: TaskInstanceState.RUNNING","logger":"task.stdout"}
{"timestamp":"2026-04-06T14:30:40.944557Z","level":"info","event":"Task operator:<Task(PythonOperator): ai_daily_report>","logger":"task.stdout"}
